<?xml version="1.0" encoding="UTF-8"?>
<!-- Generated by org.testng.reporters.JUnitXMLReporter -->
<testsuite ignored="0" hostname="DESKTOP-VDDHET5" failures="0" tests="9" name="mytests" time="38.024" errors="0" timestamp="2025-06-23T23:32:35 IST">
  <testcase classname="example.OrangeHRMTests" name="openApp" time="6.683"/>
  <testcase classname="example.OrangeHRMTests" name="isLogoPresent" time="1.138"/>
  <testcase classname="example.OrangeHRMTests" name="login" time="1.739"/>
  <testcase classname="example.OrangeHRMTests" name="logout" time="7.52"/>
  <testcase classname="example.FirstTestCaseUsingTestNG" name="loginApp" time="0.005"/>
  <testcase classname="example.FirstTestCaseUsingTestNG" name="logoutApp" time="0.011"/>
  <testcase classname="example.FirstTestCaseUsingTestNG" name="openApp" time="0.004"/>
  <testcase classname="example.Chatgpt" name="openApp" time="4.736"/>
  <testcase classname="example.Chatgpt" name="isLogoPresent" time="15.898"/>
</testsuite> <!-- mytests -->
