<?xml version="1.0" encoding="UTF-8"?>
<!-- Generated by org.testng.reporters.JUnitXMLReporter -->
<testsuite ignored="0" hostname="DESKTOP-VDDHET5" failures="0" tests="3" name="Default test" time="21.287" errors="0" timestamp="2025-06-26T18:31:14 IST">
  <testcase classname="testng_listeners.OrangeHRM" name="openApp" time="10.789"/>
  <testcase classname="testng_listeners.OrangeHRM" name="isLogoPresent" time="1.162"/>
  <testcase classname="testng_listeners.OrangeHRM" name="login" time="4.391"/>
</testsuite> <!-- Default test -->
