<?xml version="1.0" encoding="UTF-8"?>
<!-- Generated by org.testng.reporters.JUnitXMLReporter -->
<testsuite ignored="0" hostname="DESKTOP-VDDHET5" failures="5" tests="7" name="Test" time="79.141" errors="0" timestamp="2025-06-25T17:35:31 IST">
  <testcase classname="parameterization.DataProviderExample" name="loginAndLogout" time="17.571">
    <failure type="java.lang.AssertionError" message="Login failed: Invalid credentials or dashboard not found.">
      <![CDATA[java.lang.AssertionError: Login failed: Invalid credentials or dashboard not found.
at parameterization.DataProviderExample.loginAndLogout(DataProviderExample.java:68)
at java.base/java.util.ArrayList.forEach(ArrayList.java:1597)
... Removed 26 stack frames]]>
    </failure>
  </testcase> <!-- loginAndLogout -->
  <testcase classname="parameterization.DataProviderExample" name="loginAndLogout" time="10.428">
    <failure type="java.lang.AssertionError" message="Login failed: Invalid credentials or dashboard not found.">
      <![CDATA[java.lang.AssertionError: Login failed: Invalid credentials or dashboard not found.
at parameterization.DataProviderExample.loginAndLogout(DataProviderExample.java:68)
at java.base/java.util.ArrayList.forEach(ArrayList.java:1597)
... Removed 26 stack frames]]>
    </failure>
  </testcase> <!-- loginAndLogout -->
  <testcase classname="parameterization.DataProviderExample" name="loginAndLogout" time="10.81">
    <failure type="java.lang.AssertionError" message="Login failed: Invalid credentials or dashboard not found.">
      <![CDATA[java.lang.AssertionError: Login failed: Invalid credentials or dashboard not found.
at parameterization.DataProviderExample.loginAndLogout(DataProviderExample.java:68)
at java.base/java.util.ArrayList.forEach(ArrayList.java:1597)
... Removed 26 stack frames]]>
    </failure>
  </testcase> <!-- loginAndLogout -->
  <testcase classname="parameterization.DataProviderExample" name="loginAndLogout" time="10.308">
    <failure type="java.lang.AssertionError" message="Login failed: Invalid credentials or dashboard not found.">
      <![CDATA[java.lang.AssertionError: Login failed: Invalid credentials or dashboard not found.
at parameterization.DataProviderExample.loginAndLogout(DataProviderExample.java:68)
at java.base/java.util.ArrayList.forEach(ArrayList.java:1597)
... Removed 26 stack frames]]>
    </failure>
  </testcase> <!-- loginAndLogout -->
  <testcase classname="parameterization.DataProviderExample" name="loginAndLogout" time="7.336"/>
  <testcase classname="parameterization.DataProviderExample" name="loginAndLogout" time="11.002">
    <failure type="java.lang.AssertionError" message="Login failed: Invalid credentials or dashboard not found.">
      <![CDATA[java.lang.AssertionError: Login failed: Invalid credentials or dashboard not found.
at parameterization.DataProviderExample.loginAndLogout(DataProviderExample.java:68)
at java.base/java.util.ArrayList.forEach(ArrayList.java:1597)
... Removed 26 stack frames]]>
    </failure>
  </testcase> <!-- loginAndLogout -->
  <testcase classname="parameterization.DataProviderExample" name="loginAndLogout" time="6.832"/>
</testsuite> <!-- Test -->
