<?xml version="1.0" encoding="UTF-8"?>
<!-- Generated by org.testng.reporters.JUnitXMLReporter -->
<testsuite ignored="0" hostname="DESKTOP-VDDHET5" failures="1" tests="4" name="Test" time="18.257" errors="0" timestamp="2025-06-26T22:46:05 IST">
  <testcase classname="testng_listeners.OrangeHRM" name="openApp" time="5.932"/>
  <testcase classname="testng_listeners.OrangeHRM" name="isLogoPresent" time="1.157"/>
  <testcase classname="testng_listeners.OrangeHRM" name="checkTitle" time="0.031">
    <failure type="java.lang.AssertionError" message="expected [Orange] but found [OrangeHRM]">
      <![CDATA[java.lang.AssertionError: expected [Orange] but found [OrangeHRM]
at testng_listeners.OrangeHRM.checkTitle(OrangeHRM.java:44)
at java.base/java.util.ArrayList.forEach(ArrayList.java:1597)
... Removed 31 stack frames]]>
    </failure>
  </testcase> <!-- checkTitle -->
  <testcase classname="testng_listeners.OrangeHRM" name="loginAndLogout" time="3.992"/>
</testsuite> <!-- Test -->
