<?xml version="1.0" encoding="UTF-8"?>
<!-- Generated by org.testng.reporters.JUnitXMLReporter -->
<testsuite ignored="0" hostname="DESKTOP-VDDHET5" failures="1" tests="4" name="Test1" time="15.289" errors="0" timestamp="2025-06-26T22:57:36 IST">
  <testcase classname="testng_listeners.OrangeHRM" name="openApp" time="4.1"/>
  <testcase classname="testng_listeners.OrangeHRM" name="isLogoPresent" time="1.108"/>
  <testcase classname="testng_listeners.OrangeHRM" name="checkTitle" time="0.03">
    <failure type="java.lang.AssertionError" message="expected [Orange] but found [OrangeHRM]">
      <![CDATA[java.lang.AssertionError: expected [Orange] but found [OrangeHRM]
at testng_listeners.OrangeHRM.checkTitle(OrangeHRM.java:42)
at java.base/java.util.ArrayList.forEach(ArrayList.java:1597)
... Removed 31 stack frames]]>
    </failure>
  </testcase> <!-- checkTitle -->
  <testcase classname="testng_listeners.OrangeHRM" name="loginAndLogout" time="4.084"/>
</testsuite> <!-- Test1 -->
