<?xml version="1.0" encoding="UTF-8"?>
<!-- Generated by org.testng.reporters.JUnitXMLReporter -->
<testsuite ignored="0" hostname="DESKTOP-VDDHET5" failures="5" tests="7" name="Test3" time="79.758" errors="0" timestamp="2025-06-25T18:26:54 IST">
  <testcase classname="parameterization.DataProviderExample" name="loginAndLogout" time="15.12">
    <failure type="java.lang.AssertionError" message="Login failed: Invalid credentials or dashboard not found.">
      <![CDATA[java.lang.AssertionError: Login failed: Invalid credentials or dashboard not found.
at parameterization.DataProviderExample.loginAndLogout(DataProviderExample.java:85)
at java.base/java.util.ArrayList.forEach(ArrayList.java:1597)
at java.base/java.util.concurrent.FutureTask.run(FutureTask.java:317)
at java.base/java.util.concurrent.ThreadPoolExecutor.runWorker(ThreadPoolExecutor.java:1144)
at java.base/java.util.concurrent.ThreadPoolExecutor$Worker.run(ThreadPoolExecutor.java:642)
at java.base/java.lang.Thread.run(Thread.java:1570)
... Removed 16 stack frames]]>
    </failure>
  </testcase> <!-- loginAndLogout -->
  <testcase classname="parameterization.DataProviderExample" name="loginAndLogout" time="10.015">
    <failure type="java.lang.AssertionError" message="Login failed: Invalid credentials or dashboard not found.">
      <![CDATA[java.lang.AssertionError: Login failed: Invalid credentials or dashboard not found.
at parameterization.DataProviderExample.loginAndLogout(DataProviderExample.java:85)
at java.base/java.util.ArrayList.forEach(ArrayList.java:1597)
at java.base/java.util.concurrent.FutureTask.run(FutureTask.java:317)
at java.base/java.util.concurrent.ThreadPoolExecutor.runWorker(ThreadPoolExecutor.java:1144)
at java.base/java.util.concurrent.ThreadPoolExecutor$Worker.run(ThreadPoolExecutor.java:642)
at java.base/java.lang.Thread.run(Thread.java:1570)
... Removed 16 stack frames]]>
    </failure>
  </testcase> <!-- loginAndLogout -->
  <testcase classname="parameterization.DataProviderExample" name="loginAndLogout" time="10.171">
    <failure type="java.lang.AssertionError" message="Login failed: Invalid credentials or dashboard not found.">
      <![CDATA[java.lang.AssertionError: Login failed: Invalid credentials or dashboard not found.
at parameterization.DataProviderExample.loginAndLogout(DataProviderExample.java:85)
at java.base/java.util.ArrayList.forEach(ArrayList.java:1597)
at java.base/java.util.concurrent.FutureTask.run(FutureTask.java:317)
at java.base/java.util.concurrent.ThreadPoolExecutor.runWorker(ThreadPoolExecutor.java:1144)
at java.base/java.util.concurrent.ThreadPoolExecutor$Worker.run(ThreadPoolExecutor.java:642)
at java.base/java.lang.Thread.run(Thread.java:1570)
... Removed 16 stack frames]]>
    </failure>
  </testcase> <!-- loginAndLogout -->
  <testcase classname="parameterization.DataProviderExample" name="loginAndLogout" time="10.051">
    <failure type="java.lang.AssertionError" message="Login failed: Invalid credentials or dashboard not found.">
      <![CDATA[java.lang.AssertionError: Login failed: Invalid credentials or dashboard not found.
at parameterization.DataProviderExample.loginAndLogout(DataProviderExample.java:85)
at java.base/java.util.ArrayList.forEach(ArrayList.java:1597)
at java.base/java.util.concurrent.FutureTask.run(FutureTask.java:317)
at java.base/java.util.concurrent.ThreadPoolExecutor.runWorker(ThreadPoolExecutor.java:1144)
at java.base/java.util.concurrent.ThreadPoolExecutor$Worker.run(ThreadPoolExecutor.java:642)
at java.base/java.lang.Thread.run(Thread.java:1570)
... Removed 16 stack frames]]>
    </failure>
  </testcase> <!-- loginAndLogout -->
  <testcase classname="parameterization.DataProviderExample" name="loginAndLogout" time="5.698"/>
  <testcase classname="parameterization.DataProviderExample" name="loginAndLogout" time="10.402">
    <failure type="java.lang.AssertionError" message="Login failed: Invalid credentials or dashboard not found.">
      <![CDATA[java.lang.AssertionError: Login failed: Invalid credentials or dashboard not found.
at parameterization.DataProviderExample.loginAndLogout(DataProviderExample.java:85)
at java.base/java.util.ArrayList.forEach(ArrayList.java:1597)
at java.base/java.util.concurrent.FutureTask.run(FutureTask.java:317)
at java.base/java.util.concurrent.ThreadPoolExecutor.runWorker(ThreadPoolExecutor.java:1144)
at java.base/java.util.concurrent.ThreadPoolExecutor$Worker.run(ThreadPoolExecutor.java:642)
at java.base/java.lang.Thread.run(Thread.java:1570)
... Removed 16 stack frames]]>
    </failure>
  </testcase> <!-- loginAndLogout -->
  <testcase classname="parameterization.DataProviderExample" name="loginAndLogout" time="5.503"/>
</testsuite> <!-- Test3 -->
