<?xml version="1.0" encoding="UTF-8"?>
<!-- Generated by org.testng.reporters.JUnitXMLReporter -->
<testsuite ignored="0" hostname="DESKTOP-VDDHET5" failures="0" tests="4" name="TestOne" time="0.278" errors="0" timestamp="2025-06-24T20:27:15 IST">
  <testcase classname="annotations.ExampleOfBeforeAndAfterMethod" name="search" time="0.062"/>
  <testcase classname="annotations.ExampleOfBeforeAndAfterMethod" name="advancedSearch" time="0.004"/>
  <testcase classname="annotations.ExampleOfBeforeClassAfterClass" name="searchMethod" time="0.007"/>
  <testcase classname="annotations.ExampleOfBeforeClassAfterClass" name="advancedSearchMethod" time="0.006"/>
</testsuite> <!-- TestOne -->
